2026-03-11 06:32:06 Sync started
2026-03-11 06:32:14 ⬆ Pushed: .sync.log
2026-03-11 06:32:22 ⬆ Pushed: .sync.log
2026-03-11 06:32:29 ⬆ Pushed: .sync.log
2026-03-11 06:32:37 ⬆ Pushed: .sync.log
Reading/manuscript/cm-fonts/cmunbi.woff
Reading/manuscript/cm-fonts/cmunbx.woff
Reading/manuscript/cm-fonts/cmunrm.woff
Reading/manuscript/cm-fonts/cmunti.woff
2026-03-11 06:32:44 ⬆ Pushed: .sync.log
2026-03-11 06:32:52 ⬆ Pushed: .sync.log
2026-03-11 06:33:00 ⬆ Pushed: .sync.log
2026-03-11 06:33:07 ⬆ Pushed: .sync.log
2026-03-11 06:33:15 ⬆ Pushed: .sync.log
2026-03-11 06:33:24 ⬆ Pushed: .sync.log
2026-03-11 06:33:32 ⬆ Pushed: .sync.log
2026-03-11 06:33:39 ⬆ Pushed: .sync.log
2026-03-11 06:33:47 ⬆ Pushed: .sync.log
2026-03-11 06:33:55 ⬆ Pushed: .sync.log
2026-03-11 06:34:02 ⬆ Pushed: .sync.log
2026-03-11 06:34:26 ⬇ Pulled remote changes
2026-03-11 06:34:34 ⬆ Pushed: .sync.log
2026-03-11 06:35:33 ⬆ Pushed: Reading/manuscript/cm-fonts/cmunbi.woff
Reading/manuscript/cm-fonts/cmunbx.woff
Reading/manuscript/cm-fonts/cmunrm.woff
Reading/manuscript/cm-fonts/cmunti.woff
Reading/manuscript/katex/contrib/auto-render.min.js
2026-03-11 06:35:40 ⬆ Pushed: .sync.log
2026-03-11 06:35:48 ⬆ Pushed: .sync.log
2026-03-11 06:35:55 ⬆ Pushed: .sync.log
2026-03-11 06:36:05 ⬆ Pushed: .sync.log
2026-03-11 06:36:12 ⬆ Pushed: .sync.log
2026-03-11 06:36:20 ⬆ Pushed: .sync.log
2026-03-11 06:36:28 ⬆ Pushed: .sync.log
2026-03-11 06:36:35 ⬆ Pushed: .sync.log
2026-03-11 06:36:43 ⬆ Pushed: .sync.log
2026-03-11 06:36:51 ⬆ Pushed: .sync.log
2026-03-11 06:36:58 ⬆ Pushed: .sync.log
2026-03-11 06:37:06 ⬆ Pushed: .sync.log
2026-03-11 06:37:14 ⬆ Pushed: .sync.log
2026-03-11 06:37:23 ⬆ Pushed: .sync.log
2026-03-11 06:38:58 ⬆ Pushed: .gitignore
sync.sh
2026-03-11 06:39:03 Sync stopped
2026-03-11 06:39:05 Sync started
